<?xml version="1.0" encoding="UTF-8"?>
<!-- Generated by org.testng.reporters.JUnitReportReporter -->
<testsuite hostname="LAPTOP-2MK7ALVD" failures="0" tests="4" name="sevenrmartsupermarket_tests.SubcategoryTest" time="15.998" errors="1" timestamp="2024-11-21T20:12:10 IST" skipped="3">
  <testcase classname="sevenrmartsupermarket_tests.SubcategoryTest" name="verifySubCategoryListUsingSearchButton" time="3.157">
    <skipped/>
  </testcase> <!-- verifySubCategoryListUsingSearchButton -->
  <system-out/>
  <testcase classname="sevenrmartsupermarket_tests.SubcategoryTest" name="verifySubCategoryListUsingSearchButton" time="5.387">
    <skipped/>
  </testcase> <!-- verifySubCategoryListUsingSearchButton -->
  <system-out/>
  <testcase classname="sevenrmartsupermarket_tests.SubcategoryTest" name="verifySubCategoryListUsingSearchButton" time="4.242">
    <skipped/>
  </testcase> <!-- verifySubCategoryListUsingSearchButton -->
  <system-out/>
  <testcase classname="sevenrmartsupermarket_tests.SubcategoryTest" name="verifySubCategoryListUsingSearchButton" time="3.212">
    <error message="Cannot invoke &quot;java.util.List.iterator()&quot; because &quot;elements&quot; is null" type="java.lang.NullPointerException">
      <![CDATA[java.lang.NullPointerException: Cannot invoke "java.util.List.iterator()" because "elements" is null
at sevenrmartsupermarket_utilities.GeneralUtility.getTextOfElements(GeneralUtility.java:24)
at sevenrmartsupermarket_pages.SubcategoryPage.<init>(SubcategoryPage.java:108)
at sevenrmartsupermarket_tests.SubcategoryTest.verifySubCategoryListUsingSearchButton(SubcategoryTest.java:26)
at java.base/jdk.internal.reflect.NativeMethodAccessorImpl.invoke0(Native Method)
at java.base/jdk.internal.reflect.NativeMethodAccessorImpl.invoke(NativeMethodAccessorImpl.java:77)
at java.base/jdk.internal.reflect.DelegatingMethodAccessorImpl.invoke(DelegatingMethodAccessorImpl.java:43)
at java.base/java.lang.reflect.Method.invoke(Method.java:568)
at org.testng.internal.invokers.MethodInvocationHelper.invokeMethod(MethodInvocationHelper.java:139)
at org.testng.internal.invokers.TestInvoker.invokeMethod(TestInvoker.java:677)
at org.testng.internal.invokers.TestInvoker.retryFailed(TestInvoker.java:263)
at org.testng.internal.invokers.MethodRunner.runInSequence(MethodRunner.java:62)
at org.testng.internal.invokers.TestInvoker$MethodInvocationAgent.invoke(TestInvoker.java:969)
at org.testng.internal.invokers.TestInvoker.invokeTestMethods(TestInvoker.java:194)
at org.testng.internal.invokers.TestMethodWorker.invokeTestMethods(TestMethodWorker.java:148)
at org.testng.internal.invokers.TestMethodWorker.run(TestMethodWorker.java:128)
at java.base/java.util.ArrayList.forEach(ArrayList.java:1511)
at org.testng.TestRunner.privateRun(TestRunner.java:829)
at org.testng.TestRunner.run(TestRunner.java:602)
at org.testng.SuiteRunner.runTest(SuiteRunner.java:437)
at org.testng.SuiteRunner.runSequentially(SuiteRunner.java:431)
at org.testng.SuiteRunner.privateRun(SuiteRunner.java:391)
at org.testng.SuiteRunner.run(SuiteRunner.java:330)
at org.testng.SuiteRunnerWorker.runSuite(SuiteRunnerWorker.java:52)
at org.testng.SuiteRunnerWorker.run(SuiteRunnerWorker.java:95)
at org.testng.TestNG.runSuitesSequentially(TestNG.java:1256)
at org.testng.TestNG.runSuitesLocally(TestNG.java:1176)
at org.testng.TestNG.runSuites(TestNG.java:1099)
at org.testng.TestNG.run(TestNG.java:1067)
at org.testng.remote.AbstractRemoteTestNG.run(AbstractRemoteTestNG.java:115)
at org.testng.remote.RemoteTestNG.initAndRun(RemoteTestNG.java:293)
at org.testng.remote.RemoteTestNG.main(RemoteTestNG.java:91)
]]>
    </error>
  </testcase> <!-- verifySubCategoryListUsingSearchButton -->
  <system-out/>
</testsuite> <!-- sevenrmartsupermarket_tests.SubcategoryTest -->
